[debug] [2020-09-12T14:41:51.621Z] ----------------------------------------------------------------------
[debug] [2020-09-12T14:41:51.624Z] Command:       C:\Program Files\nodejs\node.exe C:\Users\Aju\AppData\Roaming\npm\node_modules\firebase-tools\lib\bin\firebase.js emulators:start
[debug] [2020-09-12T14:41:51.625Z] CLI Version:   8.10.0
[debug] [2020-09-12T14:41:51.625Z] Platform:      win32
[debug] [2020-09-12T14:41:51.625Z] Node Version:  v12.18.1
[debug] [2020-09-12T14:41:51.627Z] Time:          Sat Sep 12 2020 20:11:51 GMT+0530 (India Standard Time)
[debug] [2020-09-12T14:41:51.627Z] ----------------------------------------------------------------------
[debug] [2020-09-12T14:41:51.627Z] 
[debug] [2020-09-12T14:41:51.643Z] > command requires scopes: ["email","openid","https://www.googleapis.com/auth/cloudplatformprojects.readonly","https://www.googleapis.com/auth/firebase","https://www.googleapis.com/auth/cloud-platform"]
[debug] [2020-09-12T14:41:51.644Z] > authorizing via signed-in user
[info] i  emulators: Starting emulators: functions, hosting {"metadata":{"emulator":{"name":"hub"},"message":"Starting emulators: functions, hosting"}}
[debug] [2020-09-12T14:41:53.704Z] [hub] writing locator at C:\Users\Aju\AppData\Local\Temp\hub-full-7632a.json
[warn] !  functions: The following emulators are not running, calls to these services from the Functions emulator will affect production: firestore, database, pubsub {"metadata":{"emulator":{"name":"functions"},"message":"The following emulators are not running, calls to these services from the Functions emulator will affect production: \u001b[1mfirestore, database, pubsub\u001b[22m"}}
[warn] !  Your requested "node" version "10" doesn't match your global version "12" {"metadata":{"emulator":{"name":"functions"},"message":"Your requested \"node\" version \"10\" doesn't match your global version \"12\""}}
[debug] [2020-09-12T14:41:55.724Z] defaultcredentials: writing to file C:\Users\Aju\AppData\Roaming\firebase\alexanderajju_gmail_com_application_default_credentials.json
[debug] [2020-09-12T14:41:55.734Z] Setting GAC to C:\Users\Aju\AppData\Roaming\firebase\alexanderajju_gmail_com_application_default_credentials.json {"metadata":{"emulator":{"name":"functions"},"message":"Setting GAC to C:\\Users\\Aju\\AppData\\Roaming\\firebase\\alexanderajju_gmail_com_application_default_credentials.json"}}
[debug] [2020-09-12T14:41:57.763Z] > refreshing access token with scopes: ["email","https://www.googleapis.com/auth/cloud-platform","https://www.googleapis.com/auth/cloudplatformprojects.readonly","https://www.googleapis.com/auth/firebase","openid"]
[debug] [2020-09-12T14:41:57.764Z] >>> HTTP REQUEST POST https://www.googleapis.com/oauth2/v3/token  
 <request body omitted>
[debug] [2020-09-12T14:41:58.292Z] <<< HTTP RESPONSE 200 {"content-type":"application/json; charset=utf-8","vary":"X-Origin, Referer, Origin,Accept-Encoding","date":"Sat, 12 Sep 2020 14:41:59 GMT","server":"scaffolding on HTTPServer2","cache-control":"private","x-xss-protection":"0","x-frame-options":"SAMEORIGIN","x-content-type-options":"nosniff","alt-svc":"h3-29=\":443\"; ma=2592000,h3-27=\":443\"; ma=2592000,h3-T051=\":443\"; ma=2592000,h3-T050=\":443\"; ma=2592000,h3-Q050=\":443\"; ma=2592000,h3-Q046=\":443\"; ma=2592000,h3-Q043=\":443\"; ma=2592000,quic=\":443\"; ma=2592000; v=\"46,43\"","accept-ranges":"none","transfer-encoding":"chunked"}
[debug] [2020-09-12T14:41:58.345Z] >>> HTTP REQUEST GET https://firebase.googleapis.com/v1beta1/projects/full-7632a/webApps/-/config  
 
[debug] [2020-09-12T14:42:19.485Z] fetchWebSetup error: FirebaseError: Server Error. connect ETIMEDOUT 216.58.200.138:443
[warn] !  hosting: Using web app configuration from cache. 
[info] i  hosting: Serving hosting files from: build {"metadata":{"emulator":{"name":"hosting"},"message":"Serving hosting files from: \u001b[1mbuild\u001b[22m"}}
[info] +  hosting: Local server: http://localhost:5000 {"metadata":{"emulator":{"name":"hosting"},"message":"Local server: \u001b[4m\u001b[1mhttp://localhost:5000\u001b[22m\u001b[24m"}}
[debug] [2020-09-12T14:42:23.677Z] Ignoring unsupported arg: auto_download {"metadata":{"emulator":{"name":"ui"},"message":"Ignoring unsupported arg: auto_download"}}
[debug] [2020-09-12T14:42:23.677Z] Ignoring unsupported arg: port {"metadata":{"emulator":{"name":"ui"},"message":"Ignoring unsupported arg: port"}}
[debug] [2020-09-12T14:42:23.678Z] Starting Emulator UI with command {"binary":"node","args":["C:\\Users\\Aju\\.cache\\firebase\\emulators\\ui-v1.1.1\\server.bundle.js"],"optionalArgs":[],"joinArgs":false} {"metadata":{"emulator":{"name":"ui"},"message":"Starting Emulator UI with command {\"binary\":\"node\",\"args\":[\"C:\\\\Users\\\\Aju\\\\.cache\\\\firebase\\\\emulators\\\\ui-v1.1.1\\\\server.bundle.js\"],\"optionalArgs\":[],\"joinArgs\":false}"}}
[info] i  ui: Emulator UI logging to ui-debug.log {"metadata":{"emulator":{"name":"ui"},"message":"Emulator UI logging to \u001b[1mui-debug.log\u001b[22m"}}
[debug] [2020-09-12T14:42:23.894Z] Web / API server started at http://localhost:4000
 {"metadata":{"emulator":{"name":"ui"},"message":"Web / API server started at http://localhost:4000\n"}}
[info] i  functions: Watching "C:\Users\Aju\Desktop\New folder (2)\amazon_clone\functions" for Cloud Functions... {"metadata":{"emulator":{"name":"functions"},"message":"Watching \"C:\\Users\\Aju\\Desktop\\New folder (2)\\amazon_clone\\functions\" for Cloud Functions..."}}
[debug] [2020-09-12T14:42:24.243Z] [worker-pool] addWorker(~diagnostic~) {"metadata":{"emulator":{"name":"functions"},"message":"[worker-pool] addWorker(~diagnostic~)"}}
[debug] [2020-09-12T14:42:24.244Z] [worker-pool] Adding worker with key ~diagnostic~, total=1 {"metadata":{"emulator":{"name":"functions"},"message":"[worker-pool] Adding worker with key ~diagnostic~, total=1"}}
[debug] [2020-09-12T14:42:24.245Z] [worker-pool] submitWork(triggerId=) {"metadata":{"emulator":{"name":"functions"},"message":"[worker-pool] submitWork(triggerId=)"}}
[debug] [2020-09-12T14:42:24.246Z] [worker-~diagnostic~-58a8d737-bee3-471f-a1e2-0237210d2295]: Assigning socketPath: \\?\pipe\C:\Users\Aju\Desktop\New folder (2)\amazon_clone\functions\3888 {"metadata":{"emulator":{"name":"functions"},"message":"[worker-~diagnostic~-58a8d737-bee3-471f-a1e2-0237210d2295]: Assigning socketPath: \\\\?\\pipe\\C:\\Users\\Aju\\Desktop\\New folder (2)\\amazon_clone\\functions\\3888"}}
[debug] [2020-09-12T14:42:24.247Z] [worker-~diagnostic~-58a8d737-bee3-471f-a1e2-0237210d2295]: BUSY {"metadata":{"emulator":{"name":"functions"},"message":"[worker-~diagnostic~-58a8d737-bee3-471f-a1e2-0237210d2295]: BUSY"}}
[debug] [2020-09-12T14:42:24.694Z] [runtime-status] [3888] Functions runtime initialized. {"cwd":"C:\\Users\\Aju\\Desktop\\New folder (2)\\amazon_clone\\functions","node_version":"12.18.1"} {"metadata":{"emulator":{"name":"functions"},"message":"[runtime-status] [3888] Functions runtime initialized. {\"cwd\":\"C:\\\\Users\\\\Aju\\\\Desktop\\\\New folder (2)\\\\amazon_clone\\\\functions\",\"node_version\":\"12.18.1\"}"}}
[debug] [2020-09-12T14:42:24.701Z] [runtime-status] [3888] Disabled runtime features: undefined {"metadata":{"emulator":{"name":"functions"},"message":"[runtime-status] [3888] Disabled runtime features: undefined"}}
[debug] [2020-09-12T14:42:24.708Z] [runtime-status] [3888] Resolved module firebase-admin {"declared":true,"installed":true,"version":"8.13.0","resolution":"C:\\Users\\Aju\\Desktop\\New folder (2)\\amazon_clone\\functions\\node_modules\\firebase-admin\\lib\\index.js"} {"metadata":{"emulator":{"name":"functions"},"message":"[runtime-status] [3888] Resolved module firebase-admin {\"declared\":true,\"installed\":true,\"version\":\"8.13.0\",\"resolution\":\"C:\\\\Users\\\\Aju\\\\Desktop\\\\New folder (2)\\\\amazon_clone\\\\functions\\\\node_modules\\\\firebase-admin\\\\lib\\\\index.js\"}"}}
[debug] [2020-09-12T14:42:24.710Z] [runtime-status] [3888] Resolved module firebase-functions {"declared":true,"installed":true,"version":"3.11.0","resolution":"C:\\Users\\Aju\\Desktop\\New folder (2)\\amazon_clone\\functions\\node_modules\\firebase-functions\\lib\\index.js"} {"metadata":{"emulator":{"name":"functions"},"message":"[runtime-status] [3888] Resolved module firebase-functions {\"declared\":true,\"installed\":true,\"version\":\"3.11.0\",\"resolution\":\"C:\\\\Users\\\\Aju\\\\Desktop\\\\New folder (2)\\\\amazon_clone\\\\functions\\\\node_modules\\\\firebase-functions\\\\lib\\\\index.js\"}"}}
[debug] [2020-09-12T14:42:24.711Z] [runtime-status] [3888] Resolved module firebase-functions {"declared":true,"installed":true,"version":"3.11.0","resolution":"C:\\Users\\Aju\\Desktop\\New folder (2)\\amazon_clone\\functions\\node_modules\\firebase-functions\\lib\\index.js"} {"metadata":{"emulator":{"name":"functions"},"message":"[runtime-status] [3888] Resolved module firebase-functions {\"declared\":true,\"installed\":true,\"version\":\"3.11.0\",\"resolution\":\"C:\\\\Users\\\\Aju\\\\Desktop\\\\New folder (2)\\\\amazon_clone\\\\functions\\\\node_modules\\\\firebase-functions\\\\lib\\\\index.js\"}"}}
[debug] [2020-09-12T14:42:24.713Z] [runtime-status] [3888] Outgoing network have been stubbed. [{"name":"http","status":"mocked"},{"name":"http","status":"mocked"},{"name":"https","status":"mocked"},{"name":"https","status":"mocked"},{"name":"net","status":"mocked"}] {"metadata":{"emulator":{"name":"functions"},"message":"[runtime-status] [3888] Outgoing network have been stubbed. [{\"name\":\"http\",\"status\":\"mocked\"},{\"name\":\"http\",\"status\":\"mocked\"},{\"name\":\"https\",\"status\":\"mocked\"},{\"name\":\"https\",\"status\":\"mocked\"},{\"name\":\"net\",\"status\":\"mocked\"}]"}}
[debug] [2020-09-12T14:42:24.714Z] [runtime-status] [3888] Resolved module firebase-functions {"declared":true,"installed":true,"version":"3.11.0","resolution":"C:\\Users\\Aju\\Desktop\\New folder (2)\\amazon_clone\\functions\\node_modules\\firebase-functions\\lib\\index.js"} {"metadata":{"emulator":{"name":"functions"},"message":"[runtime-status] [3888] Resolved module firebase-functions {\"declared\":true,\"installed\":true,\"version\":\"3.11.0\",\"resolution\":\"C:\\\\Users\\\\Aju\\\\Desktop\\\\New folder (2)\\\\amazon_clone\\\\functions\\\\node_modules\\\\firebase-functions\\\\lib\\\\index.js\"}"}}
[debug] [2020-09-12T14:42:25.242Z] [runtime-status] [3888] Checked functions.config() {"config":{}} {"metadata":{"emulator":{"name":"functions"},"message":"[runtime-status] [3888] Checked functions.config() {\"config\":{}}"}}
[debug] [2020-09-12T14:42:25.244Z] [runtime-status] [3888] firebase-functions has been stubbed. {"functionsResolution":{"declared":true,"installed":true,"version":"3.11.0","resolution":"C:\\Users\\Aju\\Desktop\\New folder (2)\\amazon_clone\\functions\\node_modules\\firebase-functions\\lib\\index.js"}} {"metadata":{"emulator":{"name":"functions"},"message":"[runtime-status] [3888] firebase-functions has been stubbed. {\"functionsResolution\":{\"declared\":true,\"installed\":true,\"version\":\"3.11.0\",\"resolution\":\"C:\\\\Users\\\\Aju\\\\Desktop\\\\New folder (2)\\\\amazon_clone\\\\functions\\\\node_modules\\\\firebase-functions\\\\lib\\\\index.js\"}}"}}
[debug] [2020-09-12T14:42:25.247Z] [runtime-status] [3888] Resolved module firebase-functions {"declared":true,"installed":true,"version":"3.11.0","resolution":"C:\\Users\\Aju\\Desktop\\New folder (2)\\amazon_clone\\functions\\node_modules\\firebase-functions\\lib\\index.js"} {"metadata":{"emulator":{"name":"functions"},"message":"[runtime-status] [3888] Resolved module firebase-functions {\"declared\":true,\"installed\":true,\"version\":\"3.11.0\",\"resolution\":\"C:\\\\Users\\\\Aju\\\\Desktop\\\\New folder (2)\\\\amazon_clone\\\\functions\\\\node_modules\\\\firebase-functions\\\\lib\\\\index.js\"}"}}
[debug] [2020-09-12T14:42:25.251Z] [runtime-status] [3888] Resolved module firebase-admin {"declared":true,"installed":true,"version":"8.13.0","resolution":"C:\\Users\\Aju\\Desktop\\New folder (2)\\amazon_clone\\functions\\node_modules\\firebase-admin\\lib\\index.js"} {"metadata":{"emulator":{"name":"functions"},"message":"[runtime-status] [3888] Resolved module firebase-admin {\"declared\":true,\"installed\":true,\"version\":\"8.13.0\",\"resolution\":\"C:\\\\Users\\\\Aju\\\\Desktop\\\\New folder (2)\\\\amazon_clone\\\\functions\\\\node_modules\\\\firebase-admin\\\\lib\\\\index.js\"}"}}
[debug] [2020-09-12T14:42:25.252Z] [runtime-status] [3888] Resolved module firebase-functions {"declared":true,"installed":true,"version":"3.11.0","resolution":"C:\\Users\\Aju\\Desktop\\New folder (2)\\amazon_clone\\functions\\node_modules\\firebase-functions\\lib\\index.js"} {"metadata":{"emulator":{"name":"functions"},"message":"[runtime-status] [3888] Resolved module firebase-functions {\"declared\":true,\"installed\":true,\"version\":\"3.11.0\",\"resolution\":\"C:\\\\Users\\\\Aju\\\\Desktop\\\\New folder (2)\\\\amazon_clone\\\\functions\\\\node_modules\\\\firebase-functions\\\\lib\\\\index.js\"}"}}
[debug] [2020-09-12T14:42:25.253Z] [runtime-status] [3888] firebase-admin has been stubbed. {"adminResolution":{"declared":true,"installed":true,"version":"8.13.0","resolution":"C:\\Users\\Aju\\Desktop\\New folder (2)\\amazon_clone\\functions\\node_modules\\firebase-admin\\lib\\index.js"}} {"metadata":{"emulator":{"name":"functions"},"message":"[runtime-status] [3888] firebase-admin has been stubbed. {\"adminResolution\":{\"declared\":true,\"installed\":true,\"version\":\"8.13.0\",\"resolution\":\"C:\\\\Users\\\\Aju\\\\Desktop\\\\New folder (2)\\\\amazon_clone\\\\functions\\\\node_modules\\\\firebase-admin\\\\lib\\\\index.js\"}}"}}
[info] +  functions[api]: http function initialized (http://localhost:5001/full-7632a/us-central1/api). {"metadata":{"emulator":{"name":"functions"},"message":"\u001b[1mhttp\u001b[22m function initialized (http://localhost:5001/full-7632a/us-central1/api)."}}
[info] 
┌───────────────────────────────────────────────────────────────────────┐
│ ✔  All emulators ready! View status and logs at http://localhost:4000 │
└───────────────────────────────────────────────────────────────────────┘

┌───────────┬────────────────┬─────────────────────────────────┐
│ Emulator  │ Host:Port      │ View in Emulator UI             │
├───────────┼────────────────┼─────────────────────────────────┤
│ Functions │ localhost:5001 │ http://localhost:4000/functions │
├───────────┼────────────────┼─────────────────────────────────┤
│ Hosting   │ localhost:5000 │ n/a                             │
└───────────┴────────────────┴─────────────────────────────────┘
  Other reserved ports: 4400, 4500

Issues? Report them at https://github.com/firebase/firebase-tools/issues and attach the *-debug.log files.
 
[debug] [2020-09-12T14:42:26.754Z] [worker-~diagnostic~-58a8d737-bee3-471f-a1e2-0237210d2295]: IDLE {"metadata":{"emulator":{"name":"functions"},"message":"[worker-~diagnostic~-58a8d737-bee3-471f-a1e2-0237210d2295]: IDLE"}}
[debug] [2020-09-12T15:38:11.701Z] Received signal SIGHUP 1
